
> frontend_new@0.1.0 dev
> next dev -p 3000

▲ Next.js 16.1.6 (Turbopack)
- Local:         http://localhost:3000
- Network:       http://130.63.248.108:3000
- Environments: .env.local

✓ Starting...
⚠ The "middleware" file convention is deprecated. Please use "proxy" instead. Learn more: https://nextjs.org/docs/messages/middleware-to-proxy
✓ Ready in 1013ms
 GET /auth/login 200 in 1171ms (compile: 573ms, proxy.ts: 172ms, render: 426ms)
 GET /auth/login 200 in 159ms (compile: 10ms, proxy.ts: 12ms, render: 138ms)
 GET /dashboard 200 in 565ms (compile: 384ms, proxy.ts: 20ms, render: 161ms)
 GET /dashboard 200 in 422ms (compile: 125ms, proxy.ts: 17ms, render: 281ms)
 GET /dashboard/twins/6e5855c8-da56-4d8a-b806-4004d2923a24?tab=training 200 in 1473ms (compile: 1151ms, proxy.ts: 13ms, render: 308ms)
 GET /dashboard/twins/6e5855c8-da56-4d8a-b806-4004d2923a24?tab=training 200 in 246ms (compile: 53ms, proxy.ts: 16ms, render: 176ms)
 GET /auth/login 200 in 267ms (compile: 11ms, proxy.ts: 13ms, render: 243ms)
 GET /dashboard 200 in 149ms (compile: 53ms, proxy.ts: 16ms, render: 80ms)
 GET /dashboard 200 in 261ms (compile: 45ms, proxy.ts: 21ms, render: 195ms)
 GET /dashboard/twins/7066dc02-0a96-4167-acde-9e367e86bea2?tab=training 200 in 172ms (compile: 23ms, proxy.ts: 11ms, render: 139ms)
 GET /auth/login 200 in 147ms (compile: 9ms, proxy.ts: 10ms, render: 128ms)
 GET /dashboard 200 in 90ms (compile: 32ms, proxy.ts: 14ms, render: 45ms)
 GET /dashboard 200 in 342ms (compile: 27ms, proxy.ts: 17ms, render: 299ms)
 GET /dashboard/twins/54b433fa-1cb6-4b5d-9619-b0defe9282f0?tab=training 200 in 351ms (compile: 26ms, proxy.ts: 17ms, render: 309ms)
 GET /share/54b433fa-1cb6-4b5d-9619-b0defe9282f0/db8b5c8b-ff89-4767-8042-8b15ba39e462 200 in 2.9s (compile: 2.7s, proxy.ts: 17ms, render: 169ms)
 GET /auth/login 200 in 313ms (compile: 8ms, proxy.ts: 11ms, render: 295ms)
 GET /dashboard 200 in 80ms (compile: 8ms, proxy.ts: 19ms, render: 53ms)
 GET /dashboard 200 in 359ms (compile: 66ms, proxy.ts: 25ms, render: 268ms)
 GET /dashboard/twins/ac2e05b7-5cff-4592-bc78-4f63f7718532?tab=training 200 in 490ms (compile: 44ms, proxy.ts: 25ms, render: 422ms)
 GET /share/ac2e05b7-5cff-4592-bc78-4f63f7718532/61cfe6d3-599d-421d-9d2d-f010575544c7 200 in 245ms (compile: 34ms, proxy.ts: 20ms, render: 191ms)
 GET /auth/login 200 in 169ms (compile: 16ms, proxy.ts: 12ms, render: 141ms)
 GET /dashboard 200 in 122ms (compile: 8ms, proxy.ts: 21ms, render: 93ms)
 GET /dashboard 200 in 113ms (compile: 16ms, proxy.ts: 16ms, render: 81ms)
 GET /dashboard/twins/ab915813-219b-425b-80fc-1d56276aaaa1?tab=training 200 in 363ms (compile: 44ms, proxy.ts: 22ms, render: 298ms)
 GET /share/ab915813-219b-425b-80fc-1d56276aaaa1/037ea545-a0a9-4823-8aec-f2300cdc79a6 200 in 230ms (compile: 35ms, proxy.ts: 16ms, render: 179ms)
 GET /auth/login 200 in 139ms (compile: 5ms, proxy.ts: 7ms, render: 127ms)
 GET /dashboard 200 in 39ms (compile: 4ms, proxy.ts: 11ms, render: 24ms)
 GET /dashboard 200 in 187ms (compile: 13ms, proxy.ts: 9ms, render: 165ms)
 GET /dashboard/twins/172750be-a5aa-4d71-aac2-ab8d311e1bef?tab=training 200 in 281ms (compile: 23ms, proxy.ts: 11ms, render: 247ms)
 GET /share/172750be-a5aa-4d71-aac2-ab8d311e1bef/69332ecd-0471-44c1-94c4-84a4e4daa6eb 200 in 202ms (compile: 28ms, proxy.ts: 17ms, render: 157ms)
 GET /auth/login 200 in 181ms (compile: 6ms, proxy.ts: 8ms, render: 166ms)
 GET /dashboard 200 in 152ms (compile: 26ms, proxy.ts: 16ms, render: 110ms)
 GET /dashboard 200 in 250ms (compile: 46ms, proxy.ts: 24ms, render: 180ms)
 GET /auth/login 200 in 214ms (compile: 5ms, proxy.ts: 7ms, render: 203ms)
 GET /dashboard 200 in 72ms (compile: 20ms, proxy.ts: 12ms, render: 40ms)
 GET /dashboard 200 in 268ms (compile: 27ms, proxy.ts: 39ms, render: 202ms)
 GET /dashboard/twins/22b039dc-0ef0-4b43-93d5-7e172ab6f72b?tab=training 200 in 370ms (compile: 34ms, proxy.ts: 17ms, render: 319ms)
 GET /share/22b039dc-0ef0-4b43-93d5-7e172ab6f72b/c10444d4-a5c1-4921-8ad4-088dde83cfa0 200 in 338ms (compile: 28ms, proxy.ts: 22ms, render: 288ms)
 GET /auth/login 200 in 69ms (compile: 5ms, proxy.ts: 8ms, render: 56ms)
 GET /dashboard 200 in 42ms (compile: 8ms, proxy.ts: 10ms, render: 25ms)
 GET /dashboard 200 in 72ms (compile: 8ms, proxy.ts: 11ms, render: 54ms)
 GET /dashboard/twins/69720946-0f5d-4558-8c29-2fefdaff33b5?tab=training 200 in 162ms (compile: 18ms, proxy.ts: 13ms, render: 131ms)
 GET /share/69720946-0f5d-4558-8c29-2fefdaff33b5/73a6e2bf-5674-4205-9028-522ee769aed8 200 in 162ms (compile: 16ms, proxy.ts: 10ms, render: 135ms)
 GET /auth/login 200 in 142ms (compile: 6ms, proxy.ts: 6ms, render: 130ms)
 GET /dashboard 200 in 67ms (compile: 11ms, proxy.ts: 13ms, render: 43ms)
 GET /dashboard 200 in 167ms (compile: 6ms, proxy.ts: 11ms, render: 150ms)
 GET /dashboard/twins/0ba11e71-990d-4b79-83f3-ff3ff7c00df2?tab=training 200 in 263ms (compile: 22ms, proxy.ts: 11ms, render: 230ms)
 GET /share/0ba11e71-990d-4b79-83f3-ff3ff7c00df2/f9eb68b0-677a-4ca0-8e75-074696019af1 200 in 598ms (compile: 246ms, proxy.ts: 12ms, render: 340ms)
 GET /dashboard/twins/0ba11e71-990d-4b79-83f3-ff3ff7c00df2?tab=training 200 in 323ms (compile: 26ms, proxy.ts: 15ms, render: 282ms)
 GET /auth/login 200 in 163ms (compile: 5ms, proxy.ts: 6ms, render: 152ms)
 GET /dashboard 200 in 59ms (compile: 9ms, proxy.ts: 13ms, render: 37ms)
 GET /dashboard 200 in 308ms (compile: 15ms, proxy.ts: 10ms, render: 283ms)
 GET /dashboard/twins/1d24803a-36fc-4e3f-9e51-9b55ccf54137?tab=training 200 in 200ms (compile: 22ms, proxy.ts: 11ms, render: 167ms)
 GET /share/1d24803a-36fc-4e3f-9e51-9b55ccf54137/97bf2128-6222-41aa-8dc2-0f78ec725252 200 in 230ms (compile: 27ms, proxy.ts: 12ms, render: 191ms)
 GET /dashboard/twins/1d24803a-36fc-4e3f-9e51-9b55ccf54137?tab=training 200 in 235ms (compile: 20ms, proxy.ts: 14ms, render: 200ms)
 GET /share/1d24803a-36fc-4e3f-9e51-9b55ccf54137/97bf2128-6222-41aa-8dc2-0f78ec725252 200 in 352ms (compile: 21ms, proxy.ts: 13ms, render: 318ms)
 GET /auth/login 200 in 2.4s (compile: 841ms, proxy.ts: 133ms, render: 1423ms)
 GET /dashboard 200 in 1111ms (compile: 736ms, proxy.ts: 18ms, render: 356ms)
 GET /dashboard 200 in 626ms (compile: 123ms, proxy.ts: 116ms, render: 386ms)
  Reload env: .env.local
 GET /auth/login 200 in 867ms (compile: 212ms, proxy.ts: 164ms, render: 492ms)
 GET /dashboard 200 in 746ms (compile: 512ms, proxy.ts: 23ms, render: 211ms)
 GET /dashboard 200 in 221ms (compile: 30ms, proxy.ts: 50ms, render: 140ms)
⨯ Error: useTheme must be used within a ThemeProvider
    at useTheme (lib\context\ThemeContext.tsx:21:15)
    at ThemeToggle (lib\context\ThemeContext.tsx:107:44)
  19 |     const context = useContext(ThemeContext);
  20 |     if (!context) {
> 21 |         throw new Error('useTheme must be used within a ThemeProvider');
     |               ^
  22 |     }
  23 |     return context;
  24 | } {
  digest: '773099222'
}
 GET /dashboard/twins/28b274b7-1767-4e9b-ad53-d0b1e78a9ce3?tab=training 500 in 2.5s (compile: 1279ms, proxy.ts: 19ms, render: 1173ms)
 GET /auth/login 200 in 129ms (compile: 7ms, proxy.ts: 8ms, render: 114ms)
 GET /auth/login?redirect=%2Fdashboard%2Ftwins%2F28b274b7-1767-4e9b-ad53-d0b1e78a9ce3 200 in 137ms (compile: 20ms, proxy.ts: 6ms, render: 111ms)
[?25h
